Release 14.1 Map P.15xf (lin)
Xilinx Mapping Report File for Design 'top_level'

Design Information
------------------
Command Line   : map -intstyle silent -detail -p xc6slx16-csg324-3 -pr b -c 100
-w -o top_level_map.ncd top_level.ngd top_level.pcf 
Target Device  : xc6slx16
Target Package : csg324
Target Speed   : -3
Mapper Version : spartan6 -- $Revision: 1.55 $
Mapped Date    : Tue Jun 24 13:37:44 2014

Design Summary
--------------
Number of errors:      0
Number of warnings:    0
Slice Logic Utilization:
  Number of Slice Registers:                 4,067 out of  18,224   22%
    Number used as Flip Flops:               4,067
    Number used as Latches:                      0
    Number used as Latch-thrus:                  0
    Number used as AND/OR logics:                0
  Number of Slice LUTs:                      2,413 out of   9,112   26%
    Number used as logic:                    2,409 out of   9,112   26%
      Number using O6 output only:           1,564
      Number using O5 output only:               1
      Number using O5 and O6:                  844
      Number used as ROM:                        0
    Number used as Memory:                       0 out of   2,176    0%
    Number used exclusively as route-thrus:      4
      Number with same-slice register load:      4
      Number with same-slice carry load:         0
      Number with other load:                    0

Slice Logic Distribution:
  Number of occupied Slices:                 1,159 out of   2,278   50%
  Nummber of MUXCYs used:                       12 out of   4,556    1%
  Number of LUT Flip Flop pairs used:        3,864
    Number with an unused Flip Flop:           572 out of   3,864   14%
    Number with an unused LUT:               1,451 out of   3,864   37%
    Number of fully used LUT-FF pairs:       1,841 out of   3,864   47%
    Number of unique control sets:              66
    Number of slice register sites lost
      to control set restrictions:             205 out of  18,224    1%

  A LUT Flip Flop pair for this architecture represents one LUT paired with
  one Flip Flop within a slice.  A control set is a unique combination of
  clock, reset, set, and enable signals for a registered element.
  The Slice Logic Distribution report is not meaningful if the design is
  over-mapped for a non-slice resource or if Placement fails.

IO Utilization:
  Number of bonded IOBs:                        42 out of     232   18%
    Number of LOCed IOBs:                       42 out of      42  100%
    IOB Flip Flops:                              8

Specific Feature Utilization:
  Number of RAMB16BWERs:                         0 out of      32    0%
  Number of RAMB8BWERs:                          0 out of      64    0%
  Number of BUFIO2/BUFIO2_2CLKs:                 0 out of      32    0%
  Number of BUFIO2FB/BUFIO2FB_2CLKs:             0 out of      32    0%
  Number of BUFG/BUFGMUXs:                       1 out of      16    6%
    Number used as BUFGs:                        1
    Number used as BUFGMUX:                      0
  Number of DCM/DCM_CLKGENs:                     0 out of       4    0%
  Number of ILOGIC2/ISERDES2s:                   8 out of     248    3%
    Number used as ILOGIC2s:                     8
    Number used as ISERDES2s:                    0
  Number of IODELAY2/IODRP2/IODRP2_MCBs:         0 out of     248    0%
  Number of OLOGIC2/OSERDES2s:                   0 out of     248    0%
  Number of BSCANs:                              0 out of       4    0%
  Number of BUFHs:                               0 out of     128    0%
  Number of BUFPLLs:                             0 out of       8    0%
  Number of BUFPLL_MCBs:                         0 out of       4    0%
  Number of DSP48A1s:                            0 out of      32    0%
  Number of ICAPs:                               0 out of       1    0%
  Number of MCBs:                                0 out of       2    0%
  Number of PCILOGICSEs:                         0 out of       2    0%
  Number of PLL_ADVs:                            0 out of       2    0%
  Number of PMVs:                                0 out of       1    0%
  Number of STARTUPs:                            0 out of       1    0%
  Number of SUSPEND_SYNCs:                       0 out of       1    0%

Average Fanout of Non-Clock Nets:                4.23

Peak Memory Usage:  282 MB
Total REAL time to MAP completion:  42 secs 
Total CPU time to MAP completion:   41 secs 

Table of Contents
-----------------
Section 1 - Errors
Section 2 - Warnings
Section 3 - Informational
Section 4 - Removed Logic Summary
Section 5 - Removed Logic
Section 6 - IOB Properties
Section 7 - RPMs
Section 8 - Guide Report
Section 9 - Area Group and Partition Summary
Section 10 - Timing Report
Section 11 - Configuration String Information
Section 12 - Control Set Information
Section 13 - Utilization by Hierarchy

Section 1 - Errors
------------------

Section 2 - Warnings
--------------------

Section 3 - Informational
-------------------------
INFO:LIT:243 - Logical network sw<7>_IBUF has no load.
INFO:LIT:243 - Logical network sw<6>_IBUF has no load.
INFO:LIT:243 - Logical network btnr_IBUF has no load.
INFO:LIT:243 - Logical network rx_IBUF has no load.
INFO:LIT:243 - Logical network msf_IBUF has no load.
INFO:LIT:243 - Logical network dcf_IBUF has no load.
INFO:MapLib:562 - No environment variables are currently set.
INFO:Pack:1716 - Initializing temperature to 85.000 Celsius. (default - Range:
   0.000 to 85.000 Celsius)
INFO:Pack:1720 - Initializing voltage to 1.140 Volts. (default - Range: 1.140 to
   1.260 Volts)
INFO:Map:215 - The Interim Design Summary has been generated in the MAP Report
   (.mrp).
INFO:Pack:1650 - Map created a placed design.

Section 4 - Removed Logic Summary
---------------------------------
   2 block(s) optimized away

Section 5 - Removed Logic
-------------------------

Optimized Block(s):
TYPE 		BLOCK
GND 		XST_GND
VCC 		XST_VCC

Section 6 - IOB Properties
--------------------------

+---------------------------------------------------------------------------------------------------------------------------------------------------------+
| IOB Name                           | Type             | Direction | IO Standard          | Diff  | Drive    | Slew | Reg (s)      | Resistor | IOB      |
|                                    |                  |           |                      | Term  | Strength | Rate |              |          | Delay    |
+---------------------------------------------------------------------------------------------------------------------------------------------------------+
| an<0>                              | IOB              | OUTPUT    | LVCMOS33             |       | 12       | FAST |              |          |          |
| an<1>                              | IOB              | OUTPUT    | LVCMOS33             |       | 12       | FAST |              |          |          |
| an<2>                              | IOB              | OUTPUT    | LVCMOS33             |       | 12       | FAST |              |          |          |
| an<3>                              | IOB              | OUTPUT    | LVCMOS33             |       | 12       | FAST |              |          |          |
| btnc                               | IOB              | INPUT     | LVCMOS33             |       |          |      | IFF          |          |          |
| btnd                               | IOB              | INPUT     | LVCMOS33             |       |          |      | IFF          |          |          |
| btnl                               | IOB              | INPUT     | LVCMOS33             |       |          |      | IFF          |          |          |
| btnr                               | IOB              | INPUT     | LVCMOS33             |       |          |      |              |          |          |
| btnu                               | IOB              | INPUT     | LVCMOS33             |       |          |      | IFF          |          |          |
| clk                                | IOB              | INPUT     | LVCMOS33             |       |          |      |              |          |          |
| clk_key                            | IOB              | INPUT     | LVCMOS25             |       |          |      | IFF          | PULLUP   |          |
| clk_mouse                          | IOB              | INPUT     | LVCMOS25             |       |          |      | IFF          | PULLUP   |          |
| data_key                           | IOB              | INPUT     | LVCMOS25             |       |          |      | IFF          | PULLUP   |          |
| data_mouse                         | IOB              | INPUT     | LVCMOS25             |       |          |      | IFF          | PULLUP   |          |
| dcf                                | IOB              | INPUT     | LVCMOS33             |       |          |      |              |          |          |
| ka<0>                              | IOB              | OUTPUT    | LVCMOS33             |       | 12       | FAST |              |          |          |
| ka<1>                              | IOB              | OUTPUT    | LVCMOS33             |       | 12       | FAST |              |          |          |
| ka<2>                              | IOB              | OUTPUT    | LVCMOS33             |       | 12       | FAST |              |          |          |
| ka<3>                              | IOB              | OUTPUT    | LVCMOS33             |       | 12       | FAST |              |          |          |
| ka<4>                              | IOB              | OUTPUT    | LVCMOS33             |       | 12       | FAST |              |          |          |
| ka<5>                              | IOB              | OUTPUT    | LVCMOS33             |       | 12       | FAST |              |          |          |
| ka<6>                              | IOB              | OUTPUT    | LVCMOS33             |       | 12       | FAST |              |          |          |
| ka<7>                              | IOB              | OUTPUT    | LVCMOS33             |       | 12       | FAST |              |          |          |
| ld<0>                              | IOB              | OUTPUT    | LVCMOS33             |       | 12       | FAST |              |          |          |
| ld<1>                              | IOB              | OUTPUT    | LVCMOS33             |       | 12       | FAST |              |          |          |
| ld<2>                              | IOB              | OUTPUT    | LVCMOS33             |       | 12       | FAST |              |          |          |
| ld<3>                              | IOB              | OUTPUT    | LVCMOS33             |       | 12       | FAST |              |          |          |
| ld<4>                              | IOB              | OUTPUT    | LVCMOS33             |       | 12       | FAST |              |          |          |
| ld<5>                              | IOB              | OUTPUT    | LVCMOS33             |       | 12       | FAST |              |          |          |
| ld<6>                              | IOB              | OUTPUT    | LVCMOS33             |       | 12       | FAST |              |          |          |
| ld<7>                              | IOB              | OUTPUT    | LVCMOS33             |       | 12       | FAST |              |          |          |
| msf                                | IOB              | INPUT     | LVCMOS33             |       |          |      |              |          |          |
| rx                                 | IOB              | INPUT     | LVCMOS33             |       |          |      |              |          |          |
| sw<0>                              | IOB              | INPUT     | LVCMOS33             |       |          |      |              |          |          |
| sw<1>                              | IOB              | INPUT     | LVCMOS33             |       |          |      |              |          |          |
| sw<2>                              | IOB              | INPUT     | LVCMOS33             |       |          |      |              |          |          |
| sw<3>                              | IOB              | INPUT     | LVCMOS33             |       |          |      |              |          |          |
| sw<4>                              | IOB              | INPUT     | LVCMOS33             |       |          |      |              |          |          |
| sw<5>                              | IOB              | INPUT     | LVCMOS33             |       |          |      |              |          |          |
| sw<6>                              | IOB              | INPUT     | LVCMOS33             |       |          |      |              |          |          |
| sw<7>                              | IOB              | INPUT     | LVCMOS33             |       |          |      |              |          |          |
| tx                                 | IOB              | OUTPUT    | LVCMOS33             |       | 12       | FAST |              |          |          |
+---------------------------------------------------------------------------------------------------------------------------------------------------------+

Section 7 - RPMs
----------------

Section 8 - Guide Report
------------------------
Guide not run on this design.

Section 9 - Area Group and Partition Summary
--------------------------------------------

Partition Implementation Status
-------------------------------

  No Partitions were found in this design.

-------------------------------

Area Group Information
----------------------

  No area groups were found in this design.

----------------------

Section 10 - Timing Report
--------------------------
A logic-level (pre-route) timing report can be generated by using Xilinx static
timing analysis tools, Timing Analyzer (GUI) or TRCE (command line), with the
mapped NCD and PCF files. Please note that this timing report will be generated
using estimated delay information. For accurate numbers, please generate a
timing report with the post Place and Route NCD file.

For more information about the Timing Analyzer, consult the Xilinx Timing
Analyzer Reference Manual; for more information about TRCE, consult the Xilinx
Command Line Tools User Guide "TRACE" chapter.

Section 11 - Configuration String Details
-----------------------------------------

Section 12 - Control Set Information
------------------------------------
+-------------------------------------------------------------------------------------------------------------------+
| Clock Signal | Reset Signal | Set Signal | Enable Signal                      | Slice Load Count | Bel Load Count |
+-------------------------------------------------------------------------------------------------------------------+
| clk_BUFGP    | ld_0_OBUF    |            |                                    | 22               | 45             |
| clk_BUFGP    | ld_0_OBUF    |            | fi_w                               | 37               | 94             |
| clk_BUFGP    | ld_0_OBUF    |            | fifo_uut/_n6396_inv                | 15               | 60             |
| clk_BUFGP    | ld_0_OBUF    |            | fifo_uut/_n6444_inv                | 15               | 60             |
| clk_BUFGP    | ld_0_OBUF    |            | fifo_uut/_n6496_inv                | 15               | 60             |
| clk_BUFGP    | ld_0_OBUF    |            | fifo_uut/_n6548_inv                | 15               | 60             |
| clk_BUFGP    | ld_0_OBUF    |            | fifo_uut/_n6600_inv                | 15               | 60             |
| clk_BUFGP    | ld_0_OBUF    |            | fifo_uut/_n6652_inv                | 15               | 60             |
| clk_BUFGP    | ld_0_OBUF    |            | fifo_uut/_n6704_inv                | 15               | 60             |
| clk_BUFGP    | ld_0_OBUF    |            | fifo_uut/_n6756_inv                | 15               | 60             |
| clk_BUFGP    | ld_0_OBUF    |            | fifo_uut/_n6808_inv                | 15               | 60             |
| clk_BUFGP    | ld_0_OBUF    |            | fifo_uut/_n6860_inv                | 15               | 60             |
| clk_BUFGP    | ld_0_OBUF    |            | fifo_uut/_n6912_inv                | 15               | 60             |
| clk_BUFGP    | ld_0_OBUF    |            | fifo_uut/_n6964_inv                | 15               | 60             |
| clk_BUFGP    | ld_0_OBUF    |            | fifo_uut/_n7016_inv                | 15               | 60             |
| clk_BUFGP    | ld_0_OBUF    |            | fifo_uut/_n7068_inv                | 15               | 60             |
| clk_BUFGP    | ld_0_OBUF    |            | fifo_uut/_n7120_inv                | 15               | 60             |
| clk_BUFGP    | ld_0_OBUF    |            | fifo_uut/_n7172_inv                | 15               | 60             |
| clk_BUFGP    | ld_0_OBUF    |            | fifo_uut/_n7224_inv                | 15               | 60             |
| clk_BUFGP    | ld_0_OBUF    |            | fifo_uut/_n7276_inv                | 13               | 52             |
| clk_BUFGP    | ld_0_OBUF    |            | fifo_uut/_n7276_inv1               | 2                | 8              |
| clk_BUFGP    | ld_0_OBUF    |            | fifo_uut/_n7328_inv                | 15               | 60             |
| clk_BUFGP    | ld_0_OBUF    |            | fifo_uut/_n7380_inv                | 15               | 60             |
| clk_BUFGP    | ld_0_OBUF    |            | fifo_uut/_n7432_inv                | 15               | 60             |
| clk_BUFGP    | ld_0_OBUF    |            | fifo_uut/_n7484_inv                | 15               | 60             |
| clk_BUFGP    | ld_0_OBUF    |            | fifo_uut/_n7536_inv                | 15               | 60             |
| clk_BUFGP    | ld_0_OBUF    |            | fifo_uut/_n7588_inv                | 13               | 52             |
| clk_BUFGP    | ld_0_OBUF    |            | fifo_uut/_n7588_inv1               | 2                | 8              |
| clk_BUFGP    | ld_0_OBUF    |            | fifo_uut/_n7640_inv                | 15               | 60             |
| clk_BUFGP    | ld_0_OBUF    |            | fifo_uut/_n7692_inv                | 15               | 60             |
| clk_BUFGP    | ld_0_OBUF    |            | fifo_uut/_n7744_inv                | 15               | 60             |
| clk_BUFGP    | ld_0_OBUF    |            | fifo_uut/_n7796_inv                | 15               | 60             |
| clk_BUFGP    | ld_0_OBUF    |            | fifo_uut/_n7848_inv                | 15               | 60             |
| clk_BUFGP    | ld_0_OBUF    |            | fifo_uut/_n7900_inv                | 15               | 60             |
| clk_BUFGP    | ld_0_OBUF    |            | fifo_uut/_n7952_inv                | 15               | 60             |
| clk_BUFGP    | ld_0_OBUF    |            | fifo_uut/_n8004_inv                | 13               | 52             |
| clk_BUFGP    | ld_0_OBUF    |            | fifo_uut/_n8004_inv1               | 2                | 8              |
| clk_BUFGP    | ld_0_OBUF    |            | fifo_uut/_n8056_inv                | 13               | 52             |
| clk_BUFGP    | ld_0_OBUF    |            | fifo_uut/_n8056_inv1               | 2                | 8              |
| clk_BUFGP    | ld_0_OBUF    |            | fifo_uut/_n8160_inv                | 13               | 52             |
| clk_BUFGP    | ld_0_OBUF    |            | fifo_uut/_n8160_inv1               | 2                | 8              |
| clk_BUFGP    | ld_0_OBUF    |            | fifo_uut/_n8264_inv                | 13               | 52             |
| clk_BUFGP    | ld_0_OBUF    |            | fifo_uut/_n8264_inv1               | 2                | 8              |
| clk_BUFGP    | ld_0_OBUF    |            | fifo_uut/_n8472_inv                | 13               | 52             |
| clk_BUFGP    | ld_0_OBUF    |            | fifo_uut/_n8472_inv1               | 2                | 8              |
| clk_BUFGP    | ld_0_OBUF    |            | fifo_uut/_n8576_inv                | 13               | 52             |
| clk_BUFGP    | ld_0_OBUF    |            | fifo_uut/_n8576_inv1               | 2                | 8              |
| clk_BUFGP    | ld_0_OBUF    |            | fifo_uut/_n8680_inv                | 13               | 52             |
| clk_BUFGP    | ld_0_OBUF    |            | fifo_uut/_n8680_inv1               | 2                | 8              |
| clk_BUFGP    | ld_0_OBUF    |            | fifo_uut/_n8784_inv                | 13               | 52             |
| clk_BUFGP    | ld_0_OBUF    |            | fifo_uut/_n8784_inv1               | 2                | 8              |
| clk_BUFGP    | ld_0_OBUF    |            | fifo_uut/_n9979_inv                | 3                | 7              |
| clk_BUFGP    | ld_0_OBUF    |            | fifo_uut/w                         | 1                | 6              |
| clk_BUFGP    | ld_0_OBUF    |            | serial_port_unit/_n0064_inv        | 4                | 7              |
| clk_BUFGP    | ld_0_OBUF    |            | serial_port_unit/_n0069_inv1_cepot | 1                | 2              |
| clk_BUFGP    | ld_0_OBUF    |            | tr_w                               | 306              | 1500           |
| clk_BUFGP    | ld_0_OBUF    |            | transmitter_unit/_n0582_inv        | 1                | 6              |
| clk_BUFGP    | ld_0_OBUF    |            | uptime_unit/cnt_c<0>               | 2                | 5              |
| clk_BUFGP    | ld_0_OBUF    |            | uptime_unit/cnt_c<3>               | 2                | 5              |
| clk_BUFGP    | ld_0_OBUF    |            | uptime_unit/cnt_c<4>               | 2                | 5              |
| clk_BUFGP    | ld_0_OBUF    |            | uptime_unit/cnt_c<12>2             | 2                | 5              |
| clk_BUFGP    | ld_0_OBUF    |            | uptime_unit/cnt_c<12>21            | 2                | 5              |
| clk_BUFGP    | ld_0_OBUF    |            | uptime_unit/cnt_c<12>22            | 2                | 5              |
| clk_BUFGP    | ld_0_OBUF    |            | uptime_unit/cnt_c<12>23            | 7                | 15             |
| clk_BUFGP    | ld_0_OBUF    |            | uptime_unit/cnt_c<12>311           | 4                | 10             |
| clk_BUFGP    | ld_0_OBUF    |            | uptime_unit/cnt_c<5>2_cepot        | 2                | 5              |
+-------------------------------------------------------------------------------------------------------------------+

Section 13 - Utilization by Hierarchy
-------------------------------------
+------------------------------------------------------------------------------------------------------------------------------------------------------------------------------------------------+
| Module             | Partition | Slices*       | Slice Reg     | LUTs          | LUTRAM        | BRAM/FIFO | DSP48A1 | BUFG  | BUFIO | BUFR  | DCM   | PLL_ADV   | Full Hierarchical Name      |
+------------------------------------------------------------------------------------------------------------------------------------------------------------------------------------------------+
| top_level/         |           | 1/1214        | 0/4067        | 1/2413        | 0/0           | 0/0       | 0/0     | 1/1   | 0/0   | 0/0   | 0/0   | 0/0       | top_level                   |
| +fifo_uut          |           | 1069/1069     | 3859/3859     | 2114/2114     | 0/0           | 0/0       | 0/0     | 0/0   | 0/0   | 0/0   | 0/0   | 0/0       | top_level/fifo_uut          |
| +serial_port_unit  |           | 15/15         | 23/23         | 29/29         | 0/0           | 0/0       | 0/0     | 0/0   | 0/0   | 0/0   | 0/0   | 0/0       | top_level/serial_port_unit  |
| +transmitter_unit  |           | 64/64         | 96/96         | 148/148       | 0/0           | 0/0       | 0/0     | 0/0   | 0/0   | 0/0   | 0/0   | 0/0       | top_level/transmitter_unit  |
| +trigger_uut       |           | 16/16         | 24/24         | 17/17         | 0/0           | 0/0       | 0/0     | 0/0   | 0/0   | 0/0   | 0/0   | 0/0       | top_level/trigger_uut       |
| +uptime_unit       |           | 49/49         | 65/65         | 104/104       | 0/0           | 0/0       | 0/0     | 0/0   | 0/0   | 0/0   | 0/0   | 0/0       | top_level/uptime_unit       |
+------------------------------------------------------------------------------------------------------------------------------------------------------------------------------------------------+

* Slices can be packed with basic elements from multiple hierarchies.
  Therefore, a slice will be counted in every hierarchical module
  that each of its packed basic elements belong to.
** For each column, there are two numbers reported <A>/<B>.
   <A> is the number of elements that belong to that specific hierarchical module.
   <B> is the total number of elements from that hierarchical module and any lower level
   hierarchical modules below.
*** The LUTRAM column counts all LUTs used as memory including RAM, ROM, and shift registers.
